Build started 12/29/2011 3:21:41 AM.
     1>Project "C:\Documents and Settings\Owner\My Documents\Visual Studio 2010\Projects\Astroids\Astroids\Astroids.vcxproj" on node 2 (build target(s)).
     1>PrepareForBuild:
         Creating directory "C:\Documents and Settings\Owner\My Documents\Visual Studio 2010\Projects\Astroids\1.0\".
       InitializeBuildStatus:
         Creating "1.0\Astroids.unsuccessfulbuild" because "AlwaysCreate" was specified.
       ClCompile:
         C:\Program Files\Microsoft Visual Studio 10.0\VC\bin\CL.exe /c /I"C:\Program Files\Microsoft SDKs\Windows\v7.0A\\include" /I"C:\Program Files\Microsoft DirectX SDK (August 2007)\Include" /I"C:\Program Files\The Game Creators\Dark GDK\Include" /I"C:\Program Files\The Game Creators\Dark GDK\Include" /I"C:\Program Files\Microsoft DirectX SDK (June 2010)\Include" /I"C:\Program Files\Microsoft Visual Studio 10.0\VC\include" /I"C:\Program Files\Microsoft Visual Studio 10.0\VC\atlmfc\include" /I"C:\Program Files\Microsoft SDKs\Windows\v7.0A\include" /I"C:\Program Files\Microsoft SDKs\Windows\v7.0A\\include" /ZI /nologo /W4 /WX- /Od /Oy- /D WIN32 /D _WINDOWS /D _DEBUG /Gm /EHsc /RTC1 /MTd /GS /fp:precise /Zc:wchar_t /Zc:forScope /Fo"1.0\\" /Fd"1.0\vc100.pdb" /Gd /TP /analyze- /errorReport:prompt main.cpp
         main.cpp
     1>c:\documents and settings\owner\my documents\visual studio 2010\projects\astroids\astroids\function.h(82): warning C4805: '==' : unsafe mix of type 'int' and type 'bool' in operation
     1>c:\documents and settings\owner\my documents\visual studio 2010\projects\astroids\astroids\function.h(184): warning C4244: 'argument' : conversion from 'int' to 'float', possible loss of data
     1>c:\documents and settings\owner\my documents\visual studio 2010\projects\astroids\astroids\function.h(191): warning C4244: 'argument' : conversion from 'int' to 'float', possible loss of data
     1>c:\documents and settings\owner\my documents\visual studio 2010\projects\astroids\astroids\main.cpp(16): warning C4244: 'argument' : conversion from 'time_t' to 'unsigned int', possible loss of data
       ManifestResourceCompile:
         C:\Program Files\Microsoft SDKs\Windows\v7.0A\bin\rc.exe /nologo /fo"1.0\Astroids.exe.embed.manifest.res" 1.0\Astroids_manifest.rc 
       Link:
         C:\Program Files\Microsoft Visual Studio 10.0\VC\bin\link.exe /ERRORREPORT:PROMPT /OUT:"C:\Documents and Settings\Owner\My Documents\Visual Studio 2010\Projects\Astroids\1.0\/Astroids.exe" /INCREMENTAL /NOLOGO /LIBPATH:"C:\Program Files\The Game Creators\Dark GDK\Lib\VS2010Debug" /LIBPATH:"C:\Program Files\Microsoft DirectX SDK (August 2007)\Lib\x86" /LIBPATH:"C:\Program Files\The Game Creators\Dark GDK\Lib\VS10Debug" /LIBPATH:"C:\Program Files\Microsoft DirectX SDK (June 2010)\Lib\x86" /LIBPATH:"C:\Program Files\Microsoft Visual Studio 10.0\VC\lib" /LIBPATH:"C:\Program Files\Microsoft Visual Studio 10.0\VC\atlmfc\lib" /LIBPATH:"C:\Program Files\Microsoft SDKs\Windows\v7.0A\lib" /LIBPATH:"C:\Program Files\Microsoft SDKs\Windows\v7.0A\\lib" kernel32.lib user32.lib gdi32.lib winspool.lib comdlg32.lib advapi32.lib shell32.lib ole32.lib oleaut32.lib uuid.lib odbc32.lib odbccp32.lib /NODEFAULTLIB:strmbasd.lib /MANIFEST /ManifestFile:"1.0\Astroids.exe.intermediate.manifest" /MANIFESTUAC:"level='asInvoker' uiAccess='false'" /DEBUG /PDB:"C:\Documents and Settings\Owner\My Documents\Visual Studio 2010\Projects\Astroids\1.0\/Astroids.pdb" /SUBSYSTEM:WINDOWS /TLBID:1 /DYNAMICBASE /NXCOMPAT /IMPLIB:"C:\Documents and Settings\Owner\My Documents\Visual Studio 2010\Projects\Astroids\1.0\Astroids.lib" /MACHINE:X86 1.0\Astroids.exe.embed.manifest.res
         1.0\main.obj
     1>animation.lib(wxutil.obj) : warning LNK4099: PDB 'vc60.pdb' was not found with 'animation.lib(wxutil.obj)' or at 'C:\Documents and Settings\Owner\My Documents\Visual Studio 2010\Projects\Astroids\1.0\vc60.pdb'; linking object as if no debug info
     1>animation.lib(wxlist.obj) : warning LNK4099: PDB 'vc60.pdb' was not found with 'animation.lib(wxlist.obj)' or at 'C:\Documents and Settings\Owner\My Documents\Visual Studio 2010\Projects\Astroids\1.0\vc60.pdb'; linking object as if no debug info
     1>animation.lib(wxdebug.obj) : warning LNK4099: PDB 'vc60.pdb' was not found with 'animation.lib(wxdebug.obj)' or at 'C:\Documents and Settings\Owner\My Documents\Visual Studio 2010\Projects\Astroids\1.0\vc60.pdb'; linking object as if no debug info
     1>animation.lib(renbase.obj) : warning LNK4099: PDB 'vc60.pdb' was not found with 'animation.lib(renbase.obj)' or at 'C:\Documents and Settings\Owner\My Documents\Visual Studio 2010\Projects\Astroids\1.0\vc60.pdb'; linking object as if no debug info
     1>animation.lib(mtype.obj) : warning LNK4099: PDB 'vc60.pdb' was not found with 'animation.lib(mtype.obj)' or at 'C:\Documents and Settings\Owner\My Documents\Visual Studio 2010\Projects\Astroids\1.0\vc60.pdb'; linking object as if no debug info
     1>animation.lib(ctlutil.obj) : warning LNK4099: PDB 'vc60.pdb' was not found with 'animation.lib(ctlutil.obj)' or at 'C:\Documents and Settings\Owner\My Documents\Visual Studio 2010\Projects\Astroids\1.0\vc60.pdb'; linking object as if no debug info
     1>animation.lib(combase.obj) : warning LNK4099: PDB 'vc60.pdb' was not found with 'animation.lib(combase.obj)' or at 'C:\Documents and Settings\Owner\My Documents\Visual Studio 2010\Projects\Astroids\1.0\vc60.pdb'; linking object as if no debug info
     1>animation.lib(amvideo.obj) : warning LNK4099: PDB 'vc60.pdb' was not found with 'animation.lib(amvideo.obj)' or at 'C:\Documents and Settings\Owner\My Documents\Visual Studio 2010\Projects\Astroids\1.0\vc60.pdb'; linking object as if no debug info
     1>animation.lib(amfilter.obj) : warning LNK4099: PDB 'vc60.pdb' was not found with 'animation.lib(amfilter.obj)' or at 'C:\Documents and Settings\Owner\My Documents\Visual Studio 2010\Projects\Astroids\1.0\vc60.pdb'; linking object as if no debug info
       Manifest:
         C:\Program Files\Microsoft SDKs\Windows\v7.0A\bin\mt.exe /nologo /verbose /out:"1.0\Astroids.exe.embed.manifest" /manifest 1.0\Astroids.exe.intermediate.manifest
         C:\Program Files\Microsoft SDKs\Windows\v7.0A\bin\rc.exe /nologo /fo"1.0\Astroids.exe.embed.manifest.res" 1.0\Astroids_manifest.rc 
       LinkEmbedManifest:
         C:\Program Files\Microsoft Visual Studio 10.0\VC\bin\link.exe /ERRORREPORT:PROMPT /OUT:"C:\Documents and Settings\Owner\My Documents\Visual Studio 2010\Projects\Astroids\1.0\/Astroids.exe" /INCREMENTAL /NOLOGO /LIBPATH:"C:\Program Files\The Game Creators\Dark GDK\Lib\VS2010Debug" /LIBPATH:"C:\Program Files\Microsoft DirectX SDK (August 2007)\Lib\x86" /LIBPATH:"C:\Program Files\The Game Creators\Dark GDK\Lib\VS10Debug" /LIBPATH:"C:\Program Files\Microsoft DirectX SDK (June 2010)\Lib\x86" /LIBPATH:"C:\Program Files\Microsoft Visual Studio 10.0\VC\lib" /LIBPATH:"C:\Program Files\Microsoft Visual Studio 10.0\VC\atlmfc\lib" /LIBPATH:"C:\Program Files\Microsoft SDKs\Windows\v7.0A\lib" /LIBPATH:"C:\Program Files\Microsoft SDKs\Windows\v7.0A\\lib" kernel32.lib user32.lib gdi32.lib winspool.lib comdlg32.lib advapi32.lib shell32.lib ole32.lib oleaut32.lib uuid.lib odbc32.lib odbccp32.lib /NODEFAULTLIB:strmbasd.lib /MANIFEST /ManifestFile:"1.0\Astroids.exe.intermediate.manifest" /MANIFESTUAC:"level='asInvoker' uiAccess='false'" /DEBUG /PDB:"C:\Documents and Settings\Owner\My Documents\Visual Studio 2010\Projects\Astroids\1.0\/Astroids.pdb" /SUBSYSTEM:WINDOWS /TLBID:1 /DYNAMICBASE /NXCOMPAT /IMPLIB:"C:\Documents and Settings\Owner\My Documents\Visual Studio 2010\Projects\Astroids\1.0\Astroids.lib" /MACHINE:X86 1.0\Astroids.exe.embed.manifest.res
         1.0\main.obj
     1>animation.lib(wxutil.obj) : warning LNK4099: PDB 'vc60.pdb' was not found with 'animation.lib(wxutil.obj)' or at 'C:\Documents and Settings\Owner\My Documents\Visual Studio 2010\Projects\Astroids\1.0\vc60.pdb'; linking object as if no debug info
     1>animation.lib(wxlist.obj) : warning LNK4099: PDB 'vc60.pdb' was not found with 'animation.lib(wxlist.obj)' or at 'C:\Documents and Settings\Owner\My Documents\Visual Studio 2010\Projects\Astroids\1.0\vc60.pdb'; linking object as if no debug info
     1>animation.lib(wxdebug.obj) : warning LNK4099: PDB 'vc60.pdb' was not found with 'animation.lib(wxdebug.obj)' or at 'C:\Documents and Settings\Owner\My Documents\Visual Studio 2010\Projects\Astroids\1.0\vc60.pdb'; linking object as if no debug info
     1>animation.lib(renbase.obj) : warning LNK4099: PDB 'vc60.pdb' was not found with 'animation.lib(renbase.obj)' or at 'C:\Documents and Settings\Owner\My Documents\Visual Studio 2010\Projects\Astroids\1.0\vc60.pdb'; linking object as if no debug info
     1>animation.lib(mtype.obj) : warning LNK4099: PDB 'vc60.pdb' was not found with 'animation.lib(mtype.obj)' or at 'C:\Documents and Settings\Owner\My Documents\Visual Studio 2010\Projects\Astroids\1.0\vc60.pdb'; linking object as if no debug info
     1>animation.lib(ctlutil.obj) : warning LNK4099: PDB 'vc60.pdb' was not found with 'animation.lib(ctlutil.obj)' or at 'C:\Documents and Settings\Owner\My Documents\Visual Studio 2010\Projects\Astroids\1.0\vc60.pdb'; linking object as if no debug info
     1>animation.lib(combase.obj) : warning LNK4099: PDB 'vc60.pdb' was not found with 'animation.lib(combase.obj)' or at 'C:\Documents and Settings\Owner\My Documents\Visual Studio 2010\Projects\Astroids\1.0\vc60.pdb'; linking object as if no debug info
     1>animation.lib(amvideo.obj) : warning LNK4099: PDB 'vc60.pdb' was not found with 'animation.lib(amvideo.obj)' or at 'C:\Documents and Settings\Owner\My Documents\Visual Studio 2010\Projects\Astroids\1.0\vc60.pdb'; linking object as if no debug info
     1>animation.lib(amfilter.obj) : warning LNK4099: PDB 'vc60.pdb' was not found with 'animation.lib(amfilter.obj)' or at 'C:\Documents and Settings\Owner\My Documents\Visual Studio 2010\Projects\Astroids\1.0\vc60.pdb'; linking object as if no debug info
         Astroids.vcxproj -> C:\Documents and Settings\Owner\My Documents\Visual Studio 2010\Projects\Astroids\1.0\Astroids.exe
       FinalizeBuildStatus:
         Deleting file "1.0\Astroids.unsuccessfulbuild".
         Touching "1.0\Astroids.lastbuildstate".
     1>Done Building Project "C:\Documents and Settings\Owner\My Documents\Visual Studio 2010\Projects\Astroids\Astroids\Astroids.vcxproj" (build target(s)).

Build succeeded.

Time Elapsed 00:00:20.07
