C:\DOCUMENTS AND SETTINGS\OWNER\MY DOCUMENTS\VISUAL STUDIO 2010\PROJECTS\ASTROIDS\ASTROIDS\DEBUG\ASTROIDS.EXE.EMBED.MANIFEST
C:\DOCUMENTS AND SETTINGS\OWNER\MY DOCUMENTS\VISUAL STUDIO 2010\PROJECTS\ASTROIDS\ASTROIDS\DEBUG\ASTROIDS.EXE.EMBED.MANIFEST.RES
C:\DOCUMENTS AND SETTINGS\OWNER\MY DOCUMENTS\VISUAL STUDIO 2010\PROJECTS\ASTROIDS\ASTROIDS\DEBUG\ASTROIDS.EXE.INTERMEDIATE.MANIFEST
c:\documents and settings\Owner\my documents\visual studio 2010\Projects\Astroids\Astroids\Debug\Astroids_manifest.rc
c:\documents and settings\Owner\my documents\visual studio 2010\Projects\Astroids\Astroids\Debug\cl.command.1.tlog
c:\documents and settings\Owner\my documents\visual studio 2010\Projects\Astroids\Astroids\Debug\CL.read.1.tlog
c:\documents and settings\Owner\my documents\visual studio 2010\Projects\Astroids\Astroids\Debug\CL.write.1.tlog
c:\documents and settings\Owner\my documents\visual studio 2010\Projects\Astroids\Astroids\Debug\link.5952.read.1.tlog
c:\documents and settings\Owner\my documents\visual studio 2010\Projects\Astroids\Astroids\Debug\link.5952.read.2.tlog
c:\documents and settings\Owner\my documents\visual studio 2010\Projects\Astroids\Astroids\Debug\link.5952.write.1.tlog
c:\documents and settings\Owner\my documents\visual studio 2010\Projects\Astroids\Astroids\Debug\link.5952-cvtres.read.1.tlog
c:\documents and settings\Owner\my documents\visual studio 2010\Projects\Astroids\Astroids\Debug\link.5952-cvtres.write.1.tlog
c:\documents and settings\Owner\my documents\visual studio 2010\Projects\Astroids\Astroids\Debug\link.command.1.tlog
c:\documents and settings\Owner\my documents\visual studio 2010\Projects\Astroids\Astroids\Debug\link.read.1.tlog
c:\documents and settings\Owner\my documents\visual studio 2010\Projects\Astroids\Astroids\Debug\link.read.2.tlog
c:\documents and settings\Owner\my documents\visual studio 2010\Projects\Astroids\Astroids\Debug\link.write.1.tlog
c:\documents and settings\Owner\my documents\visual studio 2010\Projects\Astroids\Astroids\Debug\link-cvtres.read.1.tlog
c:\documents and settings\Owner\my documents\visual studio 2010\Projects\Astroids\Astroids\Debug\link-cvtres.write.1.tlog
C:\DOCUMENTS AND SETTINGS\OWNER\MY DOCUMENTS\VISUAL STUDIO 2010\PROJECTS\ASTROIDS\ASTROIDS\DEBUG\MAIN.OBJ
c:\documents and settings\Owner\my documents\visual studio 2010\Projects\Astroids\Astroids\Debug\mt.command.1.tlog
c:\documents and settings\Owner\my documents\visual studio 2010\Projects\Astroids\Astroids\Debug\mt.read.1.tlog
c:\documents and settings\Owner\my documents\visual studio 2010\Projects\Astroids\Astroids\Debug\mt.write.1.tlog
c:\documents and settings\Owner\my documents\visual studio 2010\Projects\Astroids\Astroids\Debug\rc.command.1.tlog
c:\documents and settings\Owner\my documents\visual studio 2010\Projects\Astroids\Astroids\Debug\rc.read.1.tlog
c:\documents and settings\Owner\my documents\visual studio 2010\Projects\Astroids\Astroids\Debug\rc.write.1.tlog
c:\documents and settings\Owner\my documents\visual studio 2010\Projects\Astroids\Astroids\Debug\vc100.idb
C:\DOCUMENTS AND SETTINGS\OWNER\MY DOCUMENTS\VISUAL STUDIO 2010\PROJECTS\ASTROIDS\ASTROIDS\DEBUG\VC100.PDB
C:\DOCUMENTS AND SETTINGS\OWNER\MY DOCUMENTS\VISUAL STUDIO 2010\PROJECTS\ASTROIDS\DEBUG\ASTROIDS.EXE
C:\DOCUMENTS AND SETTINGS\OWNER\MY DOCUMENTS\VISUAL STUDIO 2010\PROJECTS\ASTROIDS\DEBUG\ASTROIDS.ILK
C:\DOCUMENTS AND SETTINGS\OWNER\MY DOCUMENTS\VISUAL STUDIO 2010\PROJECTS\ASTROIDS\DEBUG\ASTROIDS.PDB
